0	1	mikroCARM.exe -MSF -DBG -pSTM32F407ZG -RA -BIN -LHF -DL -SSA -O11111114 -fo168 -N"C:\Users\Asus\Downloads\topik\pressure\pressure.mcpar" -SP"C:\Users\Asus\mikroC PRO for ARM\Defs\" -SP"C:\Users\Asus\mikroC PRO for ARM\Uses\ST M4\" -SP"C:\Users\Asus\Downloads\topik\pressure\" -SP"C:\Users\Asus\mikroC PRO for ARM\Packages\LIB_MM5\" -SP"C:\Users\Asus\mikroC PRO for ARM\Packages\Pressure 8 Click\Uses\" -SP"C:\Users\Asus\mikroC PRO for ARM\Packages\USB UART Click\Uses\" -IP"C:\Users\Asus\mikroC PRO for ARM\Uses\ST M4\" -IP"C:\Users\Asus\mikroC PRO for ARM\Packages\LIB_MM5\" -IP"C:\Users\Asus\mikroC PRO for ARM\Packages\Pressure 8 Click\Uses\" -IP"C:\Users\Asus\mikroC PRO for ARM\Packages\USB UART Click\Uses\" "pressure_main.c" "pressure_events_code.c" "pressure_driver.c" "pressure_resources.c" "__Lib_Math.emcl" "__Lib_MathDouble.emcl" "__Lib_Delays.emcl" "__Lib_System_4XX.emcl" "__Lib_GPIO_32F4xx_Defs.emcl" "__Lib_GPIO_32F4xx.emcl" "__Lib_CString.emcl" "__Lib_CMath.emcl" "__Lib_Conversions.emcl" "__Lib_ADC_123_32F20x_24ch.emcl" "__Lib_I2C_123.emcl" "__Lib_UART_123_45_6.emcl" "__Lib_USB_32F4xx.emcl" "__Lib_TFT.emcl" "__Lib_TFT_Defs.emcl" "__Lib_FT5XX6_gesture_decoder.emcl" "__Lib_FT5XX6.emcl" "fusion_v8_STM32F407ZG.emcl" "Pressure8_STM32_M4.emcl" "USB_UART_STM32_M4.emcl" "Click_Pressure8.pld"	 
diagnostics: 0	122	Compilation Started	STM32F407ZG.c
diagnostics: 58985	123	Compiled Successfully	STM32F407ZG.c
diagnostics: 0	122	Compilation Started	__Lib_Delays.c
diagnostics: 119	123	Compiled Successfully	__Lib_Delays.c
hint: 66	1164	Variable 'cycles_div_by_10' has been eliminated by optimizer	__Lib_Delays.c
hint: 88	1164	Variable 'NumberOfCyc' has been eliminated by optimizer	__Lib_Delays.c
hint: 105	1164	Variable 'NumberOfCyc' has been eliminated by optimizer	__Lib_Delays.c
diagnostics: 0	122	Compilation Started	__lib_gpio.h
diagnostics: 879	123	Compiled Successfully	__Lib_GPIO_32F4xx_Defs.c
diagnostics: 0	122	Compilation Started	__Lib_TFT_Defs.c
warning: 110	1508	Implicit conversion of int to ptr	__Lib_TFT_Defs.c
warning: 122	1508	Implicit conversion of int to ptr	__Lib_TFT_Defs.c
warning: 134	1508	Implicit conversion of int to ptr	__Lib_TFT_Defs.c
warning: 146	1508	Implicit conversion of int to ptr	__Lib_TFT_Defs.c
warning: 155	1508	Implicit conversion of int to ptr	__Lib_TFT_Defs.c
warning: 172	1508	Implicit conversion of int to ptr	__Lib_TFT_Defs.c
warning: 186	1508	Implicit conversion of int to ptr	__Lib_TFT_Defs.c
diagnostics: 4534	123	Compiled Successfully	__Lib_TFT_Defs.c
hint: 51	1164	Variable 'temp' has been eliminated by optimizer	__Lib_TFT_Defs.c
diagnostics: 0	122	Compilation Started	__Lib_FT5XX6_gesture_decoder.c
warning: 25	1505	Suspicious pointer conversion	__Lib_FT5XX6_gesture_decoder.c
warning: 32	1505	Suspicious pointer conversion	__Lib_FT5XX6_gesture_decoder.c
warning: 39	1505	Suspicious pointer conversion	__Lib_FT5XX6_gesture_decoder.c
warning: 46	1505	Suspicious pointer conversion	__Lib_FT5XX6_gesture_decoder.c
warning: 53	1505	Suspicious pointer conversion	__Lib_FT5XX6_gesture_decoder.c
diagnostics: 65	123	Compiled Successfully	__Lib_FT5XX6_gesture_decoder.c
diagnostics: 0	122	Compilation Started	stdint.h
diagnostics: 287	123	Compiled Successfully	fusion_v8_STM32F407ZG.c
diagnostics: 0	122	Compilation Started	pressure_objects.h
hint: 0	1004	interrupt handler (Timer2_interrupt at 0x002C)	pressure_main.c
diagnostics: 103	123	Compiled Successfully	pressure_main.c
diagnostics: 0	122	Compilation Started	pressure_objects.h
diagnostics: 1	123	Compiled Successfully	pressure_resources.h
diagnostics: 0	122	Compilation Started	pressure_objects.h
diagnostics: 338	123	Compiled Successfully	pressure_driver.c
diagnostics: 0	122	Compilation Started	pressure_resources.c
diagnostics: 283	123	Compiled Successfully	pressure_resources.c
diagnostics: 0	127	All files Compiled in 531 ms	 
hint: 0	1144	Used RX: 16 (100%)   Free RX: 0 (0%)	Used RX: 16 (100%)   Free RX: 0 (0%)
hint: 0	1144	Static RAM (bytes): 612   Dynamic RAM (bytes): 130453	Static RAM (bytes): 612   Dynamic RAM (bytes): 130453
hint: 0	1144	Used ROM (bytes): 29060 (3%)  Free ROM (bytes): 1019516 (97%)	Used ROM (bytes): 29060 (3%)  Free ROM (bytes): 1019516 (97%)
diagnostics: 0	125	Project Linked Successfully	pressure.mcpar
diagnostics: 0	128	Linked in 812 ms	 
diagnostics: 0	129	Project 'pressure.mcpar' completed: 4750 ms	 
diagnostics: 0	103	Finished successfully: 17 Sep 2024, 09:58:56	pressure.mcpar
